{"name": "test_buy_mens_shirt", "status": "broken", "statusDetails": {"message": "selenium.common.exceptions.TimeoutException: Message:", "trace": "@allure.description(\"Test Buy Mens Shirt\")\n    def test_buy_mens_shirt():\n    \n        dir_path = pathlib.Path.home()\n        path = Path(dir_path, 'PycharmProjects', 'main_project_OODJI', 'utilities', 'chromedriver.exe')\n        print(str(path))\n        driver = webdriver.Chrome(path)\n    \n        print(\"Start Test Buy Mens Shirt\")\n    \n        shop = MainPage(driver)\n        shop.open_main_page()\n    \n        shop.open_mens_collection()\n    \n        shirt = MansCollectionPage(driver)\n        shirt.click_rubashki()\n        shirt.get_current_url()\n        shirt.assert_url('https://www.oodji.com/mens_collection/rubashki/')\n    \n        shirt_1 = MansCollectionRubashki(driver)\n        shirt_1.select_product()\n    \n        cart = CartPage(driver)\n        cart.get_current_url()\n        cart.assert_url('https://www.oodji.com/cart/')\n>       cart.click_basket_checkout_button()\n\ntests\\test_buy_mens_shirt.py:40: \n_ _ _ _ _ _ _ _ _ _ _ _ _ _ _ _ _ _ _ _ _ _ _ _ _ _ _ _ _ _ _ _ _ _ _ _ _ _ _ _ _ _ _ _ _ _ _ _ _ _ _ _ _ _ _ _ _ _ _ _ _ _ _ _ _ _ _ _ _ _ _ _ _ _ _ _ _ _ _ _ _ _ _ _ _ _ _ _ _ _ _ _ _ _ _ _ _ _ _ _ _ _ _ _ _ _ _ _ _ _ _ _ _ _ _ _\npages\\cart_page.py:28: in click_basket_checkout_button\n    self.get_basket_checkout_button().click()\npages\\cart_page.py:23: in get_basket_checkout_button\n    return WebDriverWait(self.driver, 10).until(EC.element_to_be_clickable((By.XPATH, self.basket_checkout_button)))\n_ _ _ _ _ _ _ _ _ _ _ _ _ _ _ _ _ _ _ _ _ _ _ _ _ _ _ _ _ _ _ _ _ _ _ _ _ _ _ _ _ _ _ _ _ _ _ _ _ _ _ _ _ _ _ _ _ _ _ _ _ _ _ _ _ _ _ _ _ _ _ _ _ _ _ _ _ _ _ _ _ _ _ _ _ _ _ _ _ _ _ _ _ _ _ _ _ _ _ _ _ _ _ _ _ _ _ _ _ _ _ _ _ _ _ _\n\nself = <selenium.webdriver.support.wait.WebDriverWait (session=\"99bce1a5a91d6110922998fdfd523e4e\")>, method = <function element_to_be_clickable.<locals>._predicate at 0x0000028246418900>, message = ''\n\n    def until(self, method, message: str = \"\"):\n        \"\"\"Calls the method provided with the driver as an argument until the \\\n        return value does not evaluate to ``False``.\n    \n        :param method: callable(WebDriver)\n        :param message: optional message for :exc:`TimeoutException`\n        :returns: the result of the last call to `method`\n        :raises: :exc:`selenium.common.exceptions.TimeoutException` if timeout occurs\n        \"\"\"\n        screen = None\n        stacktrace = None\n    \n        end_time = time.monotonic() + self._timeout\n        while True:\n            try:\n                value = method(self._driver)\n                if value:\n                    return value\n            except self._ignored_exceptions as exc:\n                screen = getattr(exc, 'screen', None)\n                stacktrace = getattr(exc, 'stacktrace', None)\n            time.sleep(self._poll)\n            if time.monotonic() > end_time:\n                break\n>       raise TimeoutException(message, screen, stacktrace)\nE       selenium.common.exceptions.TimeoutException: Message:\n\nC:\\Program Files\\Python311\\Lib\\site-packages\\selenium\\webdriver\\support\\wait.py:90: TimeoutException"}, "description": "Test Buy Mens Shirt", "steps": [{"name": "Open Main Page", "status": "passed", "start": 1688426150191, "stop": 1688426151908}, {"name": "Open Mens Collection", "status": "passed", "start": 1688426151908, "stop": 1688426152459}, {"name": "Click Rubashki", "status": "passed", "start": 1688426152459, "stop": 1688426153471}, {"name": "Select Product", "status": "passed", "start": 1688426153478, "stop": 1688426159894}], "attachments": [{"name": "stdout", "source": "44da2f33-80df-43bf-8291-499a7f726df7-attachment.txt", "type": "text/plain"}], "start": 1688426149133, "stop": 1688426170134, "uuid": "2912b7a6-ca5a-49b6-adc6-b87270ecd24f", "historyId": "6dabf261187b1d5053e769056d86da2d", "testCaseId": "6dabf261187b1d5053e769056d86da2d", "fullName": "tests.test_buy_mens_shirt#test_buy_mens_shirt", "labels": [{"name": "parentSuite", "value": "tests"}, {"name": "suite", "value": "test_buy_mens_shirt"}, {"name": "host", "value": "DESKTOP-UR43AI0"}, {"name": "thread", "value": "17948-MainThread"}, {"name": "framework", "value": "pytest"}, {"name": "language", "value": "cpython3"}, {"name": "package", "value": "tests.test_buy_mens_shirt"}]}